[2023-04-01 15:18:33,152]  25 root - INFO - CONFIG for model trainer is done
[2023-04-01 15:18:33,153]  27 root - INFO - entered the data injestion method or component
[2023-04-01 15:18:33,164]  31 root - INFO - Exported the dataset as dataframe
[2023-04-01 15:18:33,172]  36 root - INFO - Train Test split Initiated
[2023-04-01 15:18:33,183]  42 root - INFO - Injestion of Data is completed
[2023-04-01 15:18:33,188]  74 root - INFO - Read train and test data completed
[2023-04-01 15:18:33,188]  76 root - INFO - obtaining preprocessing object
[2023-04-01 15:18:33,188]  41 root - INFO - Categorical columns: ['gender', 'race_ethnicity', 'parental_level_of_education', 'lunch', 'test_preparation_course']
[2023-04-01 15:18:33,189]  42 root - INFO - Numerical columns: ['writing_score', 'reading_score']
[2023-04-01 15:18:33,189]  47 root - INFO - Numerical pipeline is done
[2023-04-01 15:18:33,189]  49 root - INFO - Categorical pipeline is done
[2023-04-01 15:18:33,189]  56 root - INFO - column transformation is done
[2023-04-01 15:18:33,191]  86 root - INFO - Applying preprocessing object on training dataframe and testing dataframe.
[2023-04-01 15:18:33,212]  97 root - INFO - Saved preprocessing object.
[2023-04-01 15:18:33,218]  74 root - INFO - Read train and test data completed
[2023-04-01 15:18:33,218]  76 root - INFO - obtaining preprocessing object
[2023-04-01 15:18:33,218]  41 root - INFO - Categorical columns: ['gender', 'race_ethnicity', 'parental_level_of_education', 'lunch', 'test_preparation_course']
[2023-04-01 15:18:33,218]  42 root - INFO - Numerical columns: ['writing_score', 'reading_score']
[2023-04-01 15:18:33,218]  47 root - INFO - Numerical pipeline is done
[2023-04-01 15:18:33,218]  49 root - INFO - Categorical pipeline is done
[2023-04-01 15:18:33,218]  56 root - INFO - column transformation is done
[2023-04-01 15:18:33,219]  86 root - INFO - Applying preprocessing object on training dataframe and testing dataframe.
[2023-04-01 15:18:33,232]  97 root - INFO - Saved preprocessing object.
[2023-04-01 15:18:33,234]  35 root - INFO - Split training and test input data
[2023-04-01 15:19:14,861]  102 root - INFO - Best found model on both training and testing dataset
