[2023-04-01 15:09:49,901]  25 root - INFO - CONFIG for model trainer is done
[2023-04-01 15:09:49,901]  27 root - INFO - entered the data injestion method or component
[2023-04-01 15:09:49,909]  31 root - INFO - Exported the dataset as dataframe
[2023-04-01 15:09:49,917]  36 root - INFO - Train Test split Initiated
[2023-04-01 15:09:49,925]  42 root - INFO - Injestion of Data is completed
[2023-04-01 15:09:49,925]  74 root - INFO - Read train and test data completed
[2023-04-01 15:09:49,925]  76 root - INFO - obtaining preprocessing object
[2023-04-01 15:09:49,925]  41 root - INFO - Categorical columns: ['gender', 'race_ethnicity', 'parental_level_of_education', 'lunch', 'test_preparation_course']
[2023-04-01 15:09:49,925]  42 root - INFO - Numerical columns: ['writing_score', 'reading_score']
[2023-04-01 15:09:49,925]  47 root - INFO - Numerical pipeline is done
[2023-04-01 15:09:49,925]  49 root - INFO - Categorical pipeline is done
[2023-04-01 15:09:49,925]  56 root - INFO - column transformation is done
[2023-04-01 15:09:49,933]  86 root - INFO - Applying preprocessing object on training dataframe and testing dataframe.
[2023-04-01 15:09:49,949]  97 root - INFO - Saved preprocessing object.
[2023-04-01 15:09:49,957]  74 root - INFO - Read train and test data completed
[2023-04-01 15:09:49,957]  76 root - INFO - obtaining preprocessing object
[2023-04-01 15:09:49,957]  41 root - INFO - Categorical columns: ['gender', 'race_ethnicity', 'parental_level_of_education', 'lunch', 'test_preparation_course']
[2023-04-01 15:09:49,957]  42 root - INFO - Numerical columns: ['writing_score', 'reading_score']
[2023-04-01 15:09:49,957]  47 root - INFO - Numerical pipeline is done
[2023-04-01 15:09:49,957]  49 root - INFO - Categorical pipeline is done
[2023-04-01 15:09:49,957]  56 root - INFO - column transformation is done
[2023-04-01 15:09:49,957]  86 root - INFO - Applying preprocessing object on training dataframe and testing dataframe.
[2023-04-01 15:09:49,981]  97 root - INFO - Saved preprocessing object.
[2023-04-01 15:09:49,989]  35 root - INFO - Split training and test input data
[2023-04-01 15:10:58,640]  102 root - INFO - Best found model on both training and testing dataset
