[2023-04-01 15:14:10,300]  25 root - INFO - CONFIG for model trainer is done
[2023-04-01 15:14:10,300]  27 root - INFO - entered the data injestion method or component
[2023-04-01 15:14:10,312]  31 root - INFO - Exported the dataset as dataframe
[2023-04-01 15:14:10,316]  36 root - INFO - Train Test split Initiated
[2023-04-01 15:14:10,316]  42 root - INFO - Injestion of Data is completed
[2023-04-01 15:14:10,316]  74 root - INFO - Read train and test data completed
[2023-04-01 15:14:10,316]  76 root - INFO - obtaining preprocessing object
[2023-04-01 15:14:10,316]  41 root - INFO - Categorical columns: ['gender', 'race_ethnicity', 'parental_level_of_education', 'lunch', 'test_preparation_course']
[2023-04-01 15:14:10,316]  42 root - INFO - Numerical columns: ['writing_score', 'reading_score']
[2023-04-01 15:14:10,316]  47 root - INFO - Numerical pipeline is done
[2023-04-01 15:14:10,316]  49 root - INFO - Categorical pipeline is done
[2023-04-01 15:14:10,316]  56 root - INFO - column transformation is done
[2023-04-01 15:14:10,316]  86 root - INFO - Applying preprocessing object on training dataframe and testing dataframe.
[2023-04-01 15:14:10,331]  97 root - INFO - Saved preprocessing object.
[2023-04-01 15:14:10,331]  74 root - INFO - Read train and test data completed
[2023-04-01 15:14:10,331]  76 root - INFO - obtaining preprocessing object
[2023-04-01 15:14:10,331]  41 root - INFO - Categorical columns: ['gender', 'race_ethnicity', 'parental_level_of_education', 'lunch', 'test_preparation_course']
[2023-04-01 15:14:10,331]  42 root - INFO - Numerical columns: ['writing_score', 'reading_score']
[2023-04-01 15:14:10,331]  47 root - INFO - Numerical pipeline is done
[2023-04-01 15:14:10,331]  49 root - INFO - Categorical pipeline is done
[2023-04-01 15:14:10,331]  56 root - INFO - column transformation is done
[2023-04-01 15:14:10,331]  86 root - INFO - Applying preprocessing object on training dataframe and testing dataframe.
[2023-04-01 15:14:10,347]  97 root - INFO - Saved preprocessing object.
[2023-04-01 15:14:10,347]  35 root - INFO - Split training and test input data
[2023-04-01 15:14:51,226]  102 root - INFO - Best found model on both training and testing dataset
