[2023-04-01 15:05:11,650]  25 root - INFO - CONFIG for model trainer is done
[2023-04-01 15:05:11,650]  27 root - INFO - entered the data injestion method or component
[2023-04-01 15:05:11,666]  31 root - INFO - Exported the dataset as dataframe
[2023-04-01 15:05:11,666]  36 root - INFO - Train Test split Initiated
[2023-04-01 15:05:11,681]  42 root - INFO - Injestion of Data is completed
[2023-04-01 15:05:11,697]  74 root - INFO - Read train and test data completed
[2023-04-01 15:05:11,697]  76 root - INFO - obtaining preprocessing object
[2023-04-01 15:05:11,697]  41 root - INFO - Categorical columns: ['gender', 'race_ethnicity', 'parental_level_of_education', 'lunch', 'test_preparation_course']
[2023-04-01 15:05:11,697]  42 root - INFO - Numerical columns: ['writing_score', 'reading_score']
[2023-04-01 15:05:11,697]  47 root - INFO - Numerical pipeline is done
[2023-04-01 15:05:11,697]  49 root - INFO - Categorical pipeline is done
[2023-04-01 15:05:11,697]  56 root - INFO - column transformation is done
[2023-04-01 15:05:11,697]  86 root - INFO - Applying preprocessing object on training dataframe and testing dataframe.
[2023-04-01 15:05:11,720]  97 root - INFO - Saved preprocessing object.
[2023-04-01 15:05:11,729]  74 root - INFO - Read train and test data completed
[2023-04-01 15:05:11,729]  76 root - INFO - obtaining preprocessing object
[2023-04-01 15:05:11,729]  41 root - INFO - Categorical columns: ['gender', 'race_ethnicity', 'parental_level_of_education', 'lunch', 'test_preparation_course']
[2023-04-01 15:05:11,729]  42 root - INFO - Numerical columns: ['writing_score', 'reading_score']
[2023-04-01 15:05:11,729]  47 root - INFO - Numerical pipeline is done
[2023-04-01 15:05:11,729]  49 root - INFO - Categorical pipeline is done
[2023-04-01 15:05:11,729]  56 root - INFO - column transformation is done
[2023-04-01 15:05:11,729]  86 root - INFO - Applying preprocessing object on training dataframe and testing dataframe.
[2023-04-01 15:05:11,745]  97 root - INFO - Saved preprocessing object.
[2023-04-01 15:05:11,745]  35 root - INFO - Split training and test input data
