[2023-04-01 15:09:03,357]  25 root - INFO - CONFIG for model trainer is done
[2023-04-01 15:09:03,357]  27 root - INFO - entered the data injestion method or component
[2023-04-01 15:09:03,357]  31 root - INFO - Exported the dataset as dataframe
[2023-04-01 15:09:03,373]  36 root - INFO - Train Test split Initiated
[2023-04-01 15:09:03,388]  42 root - INFO - Injestion of Data is completed
[2023-04-01 15:09:03,388]  74 root - INFO - Read train and test data completed
[2023-04-01 15:09:03,388]  76 root - INFO - obtaining preprocessing object
[2023-04-01 15:09:03,388]  41 root - INFO - Categorical columns: ['gender', 'race_ethnicity', 'parental_level_of_education', 'lunch', 'test_preparation_course']
[2023-04-01 15:09:03,388]  42 root - INFO - Numerical columns: ['writing_score', 'reading_score']
[2023-04-01 15:09:03,388]  47 root - INFO - Numerical pipeline is done
[2023-04-01 15:09:03,388]  49 root - INFO - Categorical pipeline is done
[2023-04-01 15:09:03,388]  56 root - INFO - column transformation is done
[2023-04-01 15:09:03,388]  86 root - INFO - Applying preprocessing object on training dataframe and testing dataframe.
[2023-04-01 15:09:03,420]  97 root - INFO - Saved preprocessing object.
[2023-04-01 15:09:03,420]  74 root - INFO - Read train and test data completed
[2023-04-01 15:09:03,420]  76 root - INFO - obtaining preprocessing object
[2023-04-01 15:09:03,420]  41 root - INFO - Categorical columns: ['gender', 'race_ethnicity', 'parental_level_of_education', 'lunch', 'test_preparation_course']
[2023-04-01 15:09:03,420]  42 root - INFO - Numerical columns: ['writing_score', 'reading_score']
[2023-04-01 15:09:03,420]  47 root - INFO - Numerical pipeline is done
[2023-04-01 15:09:03,420]  49 root - INFO - Categorical pipeline is done
[2023-04-01 15:09:03,420]  56 root - INFO - column transformation is done
[2023-04-01 15:09:03,433]  86 root - INFO - Applying preprocessing object on training dataframe and testing dataframe.
[2023-04-01 15:09:03,451]  97 root - INFO - Saved preprocessing object.
[2023-04-01 15:09:03,451]  35 root - INFO - Split training and test input data
